# JRE version: Java(TM) SE Runtime Environment (8.0_271-b09) (build 1.8.0_271-b09)
# Java VM: Java HotSpot(TM) 64-Bit Server VM (25.271-b09 mixed mode windows-amd64 compressed oops)
Heap:
 PSYoungGen      total 644608K, used 28207K [0x00000000d5b00000, 0x0000000100000000, 0x0000000100000000)
  eden space 595968K, 0% used [0x00000000d5b00000,0x00000000d5b00000,0x00000000fa100000)
  from space 48640K, 57% used [0x00000000fa100000,0x00000000fbc8bdc8,0x00000000fd080000)
  to   space 48640K, 0% used [0x00000000fd080000,0x00000000fd080000,0x0000000100000000)
 ParOldGen       total 420864K, used 316798K [0x0000000081000000, 0x000000009ab00000, 0x00000000d5b00000)
  object space 420864K, 75% used [0x0000000081000000,0x000000009455fbe0,0x000000009ab00000)
 Metaspace       used 95831K, capacity 108480K, committed 108588K, reserved 1140736K
  class space    used 13888K, capacity 16888K, committed 16940K, reserved 1048576K
GC Heap History (10 events):
Event: 97.811 GC heap before
{Heap before GC invocations=124 (full 4):
 PSYoungGen      total 674816K, used 674786K [0x00000000d5b00000, 0x0000000100000000, 0x0000000100000000)
  eden space 656384K, 100% used [0x00000000d5b00000,0x00000000fdc00000,0x00000000fdc00000)
  from space 18432K, 99% used [0x00000000fdc00000,0x00000000fedf8b20,0x00000000fee00000)
  to   space 18432K, 0% used [0x00000000fee00000,0x00000000fee00000,0x0000000100000000)
 ParOldGen       total 285184K, used 252197K [0x0000000081000000, 0x0000000092680000, 0x00000000d5b00000)
  object space 285184K, 88% used [0x0000000081000000,0x00000000906497e8,0x0000000092680000)
 Metaspace       used 80465K, capacity 90026K, committed 90156K, reserved 1124352K
  class space    used 11805K, capacity 14312K, committed 14380K, reserved 1048576K
Event: 97.864 GC heap after
Heap after GC invocations=124 (full 4):
 PSYoungGen      total 631808K, used 18413K [0x00000000d5b00000, 0x0000000100000000, 0x0000000100000000)
  eden space 613376K, 0% used [0x00000000d5b00000,0x00000000d5b00000,0x00000000fb200000)
  from space 18432K, 99% used [0x00000000fee00000,0x00000000ffffb750,0x0000000100000000)
  to   space 39936K, 0% used [0x00000000fb200000,0x00000000fb200000,0x00000000fd900000)
 ParOldGen       total 287232K, used 287123K [0x0000000081000000, 0x0000000092880000, 0x00000000d5b00000)
  object space 287232K, 99% used [0x0000000081000000,0x0000000092864c28,0x0000000092880000)
 Metaspace       used 80465K, capacity 90026K, committed 90156K, reserved 1124352K
  class space    used 11805K, capacity 14312K, committed 14380K, reserved 1048576K
}
Event: 97.864 GC heap before
{Heap before GC invocations=125 (full 5):
 PSYoungGen      total 631808K, used 18413K [0x00000000d5b00000, 0x0000000100000000, 0x0000000100000000)
  eden space 613376K, 0% used [0x00000000d5b00000,0x00000000d5b00000,0x00000000fb200000)
  from space 18432K, 99% used [0x00000000fee00000,0x00000000ffffb750,0x0000000100000000)
  to   space 39936K, 0% used [0x00000000fb200000,0x00000000fb200000,0x00000000fd900000)
 ParOldGen       total 287232K, used 287123K [0x0000000081000000, 0x0000000092880000, 0x00000000d5b00000)
  object space 287232K, 99% used [0x0000000081000000,0x0000000092864c28,0x0000000092880000)
 Metaspace       used 80465K, capacity 90026K, committed 90156K, reserved 1124352K
  class space    used 11805K, capacity 14312K, committed 14380K, reserved 1048576K
Event: 99.884 GC heap after
Heap after GC invocations=125 (full 5):
 PSYoungGen      total 631808K, used 6086K [0x00000000d5b00000, 0x0000000100000000, 0x0000000100000000)
  eden space 613376K, 0% used [0x00000000d5b00000,0x00000000d5b00000,0x00000000fb200000)
  from space 18432K, 33% used [0x00000000fee00000,0x00000000ff3f1b78,0x0000000100000000)
  to   space 39936K, 0% used [0x00000000fb200000,0x00000000fb200000,0x00000000fd900000)
 ParOldGen       total 420864K, used 286831K [0x0000000081000000, 0x000000009ab00000, 0x00000000d5b00000)
  object space 420864K, 68% used [0x0000000081000000,0x000000009281bfc8,0x000000009ab00000)
 Metaspace       used 80452K, capacity 90002K, committed 90156K, reserved 1124352K
  class space    used 11800K, capacity 14304K, committed 14380K, reserved 1048576K
}
Event: 109.292 GC heap before
{Heap before GC invocations=126 (full 5):
 PSYoungGen      total 631808K, used 619462K [0x00000000d5b00000, 0x0000000100000000, 0x0000000100000000)
  eden space 613376K, 100% used [0x00000000d5b00000,0x00000000fb200000,0x00000000fb200000)
  from space 18432K, 33% used [0x00000000fee00000,0x00000000ff3f1b78,0x0000000100000000)
  to   space 39936K, 0% used [0x00000000fb200000,0x00000000fb200000,0x00000000fd900000)
 ParOldGen       total 420864K, used 286831K [0x0000000081000000, 0x000000009ab00000, 0x00000000d5b00000)
  object space 420864K, 68% used [0x0000000081000000,0x000000009281bfc8,0x000000009ab00000)
 Metaspace       used 84586K, capacity 95046K, committed 95276K, reserved 1130496K
  class space    used 12372K, capacity 15023K, committed 15148K, reserved 1048576K
Event: 109.359 GC heap after
Heap after GC invocations=126 (full 5):
 PSYoungGen      total 639488K, used 25641K [0x00000000d5b00000, 0x0000000100000000, 0x0000000100000000)
  eden space 613376K, 0% used [0x00000000d5b00000,0x00000000d5b00000,0x00000000fb200000)
  from space 26112K, 98% used [0x00000000fb200000,0x00000000fcb0a640,0x00000000fcb80000)
  to   space 40960K, 0% used [0x00000000fd800000,0x00000000fd800000,0x0000000100000000)
 ParOldGen       total 420864K, used 287015K [0x0000000081000000, 0x000000009ab00000, 0x00000000d5b00000)
  object space 420864K, 68% used [0x0000000081000000,0x0000000092849fc8,0x000000009ab00000)
 Metaspace       used 84586K, capacity 95046K, committed 95276K, reserved 1130496K
  class space    used 12372K, capacity 15023K, committed 15148K, reserved 1048576K
}
Event: 124.437 GC heap before
{Heap before GC invocations=127 (full 5):
 PSYoungGen      total 639488K, used 575705K [0x00000000d5b00000, 0x0000000100000000, 0x0000000100000000)
  eden space 613376K, 89% used [0x00000000d5b00000,0x00000000f742c038,0x00000000fb200000)
  from space 26112K, 98% used [0x00000000fb200000,0x00000000fcb0a640,0x00000000fcb80000)
  to   space 40960K, 0% used [0x00000000fd800000,0x00000000fd800000,0x0000000100000000)
 ParOldGen       total 420864K, used 287015K [0x0000000081000000, 0x000000009ab00000, 0x00000000d5b00000)
  object space 420864K, 68% used [0x0000000081000000,0x0000000092849fc8,0x000000009ab00000)
 Metaspace       used 93949K, capacity 105922K, committed 106156K, reserved 1138688K
  class space    used 13594K, capacity 16515K, committed 16556K, reserved 1048576K
Event: 124.474 GC heap after
Heap after GC invocations=127 (full 5):
 PSYoungGen      total 636928K, used 40931K [0x00000000d5b00000, 0x0000000100000000, 0x0000000100000000)
  eden space 595968K, 0% used [0x00000000d5b00000,0x00000000d5b00000,0x00000000fa100000)
  from space 40960K, 99% used [0x00000000fd800000,0x00000000ffff8d18,0x0000000100000000)
  to   space 48640K, 0% used [0x00000000fa100000,0x00000000fa100000,0x00000000fd080000)
 ParOldGen       total 420864K, used 291877K [0x0000000081000000, 0x000000009ab00000, 0x00000000d5b00000)
  object space 420864K, 69% used [0x0000000081000000,0x0000000092d09460,0x000000009ab00000)
 Metaspace       used 93949K, capacity 105922K, committed 106156K, reserved 1138688K
  class space    used 13594K, capacity 16515K, committed 16556K, reserved 1048576K
}
Event: 124.474 GC heap before
{Heap before GC invocations=128 (full 6):
 PSYoungGen      total 636928K, used 40931K [0x00000000d5b00000, 0x0000000100000000, 0x0000000100000000)
  eden space 595968K, 0% used [0x00000000d5b00000,0x00000000d5b00000,0x00000000fa100000)
  from space 40960K, 99% used [0x00000000fd800000,0x00000000ffff8d18,0x0000000100000000)
  to   space 48640K, 0% used [0x00000000fa100000,0x00000000fa100000,0x00000000fd080000)
 ParOldGen       total 420864K, used 291877K [0x0000000081000000, 0x000000009ab00000, 0x00000000d5b00000)
  object space 420864K, 69% used [0x0000000081000000,0x0000000092d09460,0x000000009ab00000)
 Metaspace       used 93949K, capacity 105922K, committed 106156K, reserved 1138688K
  class space    used 13594K, capacity 16515K, committed 16556K, reserved 1048576K
Event: 127.047 GC heap after
Heap after GC invocations=128 (full 6):
 PSYoungGen      total 636928K, used 0K [0x00000000d5b00000, 0x0000000100000000, 0x0000000100000000)
  eden space 595968K, 0% used [0x00000000d5b00000,0x00000000d5b00000,0x00000000fa100000)
  from space 40960K, 0% used [0x00000000fd800000,0x00000000fd800000,0x0000000100000000)
  to   space 48640K, 0% used [0x00000000fa100000,0x00000000fa100000,0x00000000fd080000)
 ParOldGen       total 420864K, used 316790K [0x0000000081000000, 0x000000009ab00000, 0x00000000d5b00000)
  object space 420864K, 75% used [0x0000000081000000,0x000000009455dbe0,0x000000009ab00000)
 Metaspace       used 93949K, capacity 105922K, committed 106156K, reserved 1138688K
  class space    used 13594K, capacity 16515K, committed 16556K, reserved 1048576K
}

